<?xml version="1.0" encoding="UTF-8"?>
<!-- Generated by org.testng.reporters.JUnitReportReporter -->
<testsuite name="com.selenium.webdriver.concepts.ToolTip_Handling" tests="1" time="23.597" ignored="0" failures="0" timestamp="20 Aug 2021 06:06:46 GMT" skipped="0" hostname="LP-5CD8184DMV" errors="0">
  <testcase name="f" time="23.597" classname="com.selenium.webdriver.concepts.ToolTip_Handling"/>
</testsuite> <!-- com.selenium.webdriver.concepts.ToolTip_Handling -->
