<?xml version="1.0" encoding="UTF-8"?>
<!-- Generated by org.testng.reporters.JUnitReportReporter -->
<testsuite name="com.selenium.webdriver.concepts.TimeSheet_fillingUsing_seleniumTest" tests="1" time="99.210" ignored="0" failures="0" timestamp="12 Aug 2021 05:54:41 GMT" skipped="0" hostname="LP-5CD8184DMV" errors="0">
  <testcase name="f" time="99.210" classname="com.selenium.webdriver.concepts.TimeSheet_fillingUsing_seleniumTest"/>
</testsuite> <!-- com.selenium.webdriver.concepts.TimeSheet_fillingUsing_seleniumTest -->
