<?xml version="1.0" encoding="UTF-8"?>
<!-- Generated by org.testng.reporters.JUnitReportReporter -->
<testsuite name="com.selenium.webdriver.concepts.UnOrdered_List_example" tests="1" time="16.590" ignored="0" failures="0" timestamp="12 Aug 2021 13:35:11 GMT" skipped="0" hostname="LP-5CD8184DMV" errors="0">
  <testcase name="a" time="16.590" classname="com.selenium.webdriver.concepts.UnOrdered_List_example"/>
</testsuite> <!-- com.selenium.webdriver.concepts.UnOrdered_List_example -->
