<?xml version="1.0" encoding="UTF-8"?>
<!-- Generated by org.testng.reporters.JUnitReportReporter -->
<testsuite name="com.selenium.webdriver.concepts.UploadFile_fromLocalsystemOnwebpage" tests="1" time="30.623" ignored="0" failures="0" timestamp="18 Aug 2021 05:58:46 GMT" skipped="0" hostname="LP-5CD8184DMV" errors="0">
  <testcase name="f" time="30.623" classname="com.selenium.webdriver.concepts.UploadFile_fromLocalsystemOnwebpage"/>
</testsuite> <!-- com.selenium.webdriver.concepts.UploadFile_fromLocalsystemOnwebpage -->
