<?xml version="1.0" encoding="UTF-8"?>
<!-- Generated by org.testng.reporters.JUnitReportReporter -->
<testsuite name="com.selenium.webdriver.concepts.TxtBox_ChkBox_buttons_drpDownTest" tests="1" time="30.906" ignored="0" failures="0" timestamp="11 Aug 2021 05:25:12 GMT" skipped="0" hostname="LP-5CD8184DMV" errors="0">
  <testcase name="f" time="30.906" classname="com.selenium.webdriver.concepts.TxtBox_ChkBox_buttons_drpDownTest"/>
</testsuite> <!-- com.selenium.webdriver.concepts.TxtBox_ChkBox_buttons_drpDownTest -->
