<?xml version="1.0" encoding="UTF-8"?>
<!-- Generated by org.testng.reporters.JUnitReportReporter -->
<testsuite name="cookies.GetCookiesDetails" tests="1" time="20.160" ignored="0" failures="0" timestamp="23 Aug 2021 13:33:24 GMT" skipped="0" hostname="LP-5CD8184DMV" errors="0">
  <testcase name="f" time="20.160" classname="cookies.GetCookiesDetails"/>
</testsuite> <!-- cookies.GetCookiesDetails -->
