<?xml version="1.0" encoding="UTF-8"?>
<!-- Generated by org.testng.reporters.JUnitReportReporter -->
<testsuite name="cookies.AddCookies" tests="1" time="9.101" ignored="0" failures="0" timestamp="24 Aug 2021 04:29:53 GMT" skipped="0" hostname="LP-5CD8184DMV" errors="0">
  <testcase name="f" time="9.101" classname="cookies.AddCookies"/>
</testsuite> <!-- cookies.AddCookies -->
