<?xml version="1.0" encoding="UTF-8"?>
<!-- Generated by org.testng.reporters.JUnitReportReporter -->
<testsuite name="runner.Run_1" tests="2" time="41.854" ignored="0" failures="0" timestamp="23 Aug 2021 06:46:50 GMT" skipped="0" hostname="LP-5CD8184DMV" errors="0">
  <testcase name="runScenario" time="25.596" classname="runner.Run_1"/>
  <testcase name="runScenario" time="16.258" classname="runner.Run_1"/>
</testsuite> <!-- runner.Run_1 -->
